Detecting compiler hash for triplet x64-windows...
Compiler found: C:/Program Files/Microsoft Visual Studio/18/Community/VC/Tools/MSVC/14.50.35717/bin/Hostx64/x64/cl.exe
The following packages are already installed:
  * fmt:x64-windows@12.1.0
    glfw3:x64-windows@3.4#1
    glm:x64-windows@1.0.3
    imgui:x64-windows@1.91.9
    spdlog[core,fmt,tz-offset]:x64-windows@1.17.0
  * vcpkg-cmake:x64-windows@2024-04-23
  * vcpkg-cmake-config:x64-windows@2024-05-23
glfw3 provides CMake targets:

  # this is heuristically generated, and may not be correct
  find_package(glfw3 CONFIG REQUIRED)
  target_link_libraries(main PRIVATE glfw)

glfw3 provides pkg-config modules:

  # A multi-platform library for OpenGL, window and input
  glfw3

The package glm provides CMake targets:

    find_package(glm CONFIG REQUIRED)
    target_link_libraries(main PRIVATE glm::glm)

    # Or use the header-only version
    find_package(glm CONFIG REQUIRED)
    target_link_libraries(main PRIVATE glm::glm-header-only)

imgui provides CMake targets:

  # this is heuristically generated, and may not be correct
  find_package(imgui CONFIG REQUIRED)
  target_link_libraries(main PRIVATE imgui::imgui)

The package spdlog provides CMake targets:

    find_package(spdlog CONFIG REQUIRED)
    target_link_libraries(main PRIVATE spdlog::spdlog)

    # Or use the header-only version
    find_package(spdlog CONFIG REQUIRED)
    target_link_libraries(main PRIVATE spdlog::spdlog_header_only)

All requested installations completed successfully in: 1.16 ms
